<?xml version="1.0" encoding="UTF-8"?>
<!-- Generated by org.testng.reporters.JUnitReportReporter -->
<testsuite hostname="Leo" failures="0" tests="1" name="com.comcast.contact.createContact" time="6.771" errors="0" timestamp="2024-10-29T22:50:42 IST" skipped="0">
  <testcase classname="com.comcast.contact.createContact" name="createcontact" time="6.771"/>
</testsuite> <!-- com.comcast.contact.createContact -->
