<?xml version="1.0" encoding="UTF-8"?>
<!-- Generated by org.testng.reporters.JUnitReportReporter -->
<testsuite hostname="Leo" failures="0" tests="1" name="com.comcast.org.createOrg" time="6.988" errors="0" timestamp="2024-10-29T22:34:08 IST" skipped="0">
  <testcase classname="com.comcast.org.createOrg" name="createOrgi" time="6.988"/>
</testsuite> <!-- com.comcast.org.createOrg -->
